#
# A fatal error has been detected by the Java Runtime Environment:
#
#  EXCEPTION_ACCESS_VIOLATION (0xc0000005) at pc=0x77cb5c40, pid=6380, tid=8716
#
# JRE version: Java(TM) SE Runtime Environment (7.0_51-b13) (build 1.7.0_51-b13)
# Java VM: Java HotSpot(TM) Client VM (24.51-b03 mixed mode windows-x86 )
# Problematic frame:
# V  [jvm.dll+0x35c40]
#
# Failed to write core dump. Minidumps are not enabled by default on client versions of Windows
#
# If you would like to submit a bug report, please visit:
#   http://bugreport.sun.com/bugreport/crash.jsp
#

---------------  T H R E A D  ---------------

Current thread (0x00f16800):  JavaThread "JDWP Transport Listener: dt_socket" daemon [_thread_in_vm, id=8716, stack(0x18d20000,0x18d70000)]

siginfo: ExceptionCode=0xc0000005, reading address 0x00000008

Registers:
EAX=0x047f3368, EBX=0x00f16800, ECX=0x00000000, EDX=0x00000000
ESP=0x18d6f474, EBP=0x18d6f478, ESI=0x00000000, EDI=0x519ae15c
EIP=0x77cb5c40, EFLAGS=0x00010246

Top of Stack: (sp=0x18d6f474)
0x18d6f474:   00f16930 18d6f4a0 77d41206 047f3368
0x18d6f484:   519ae15c 00f16930 519ae174 00f16800
0x18d6f494:   00000000 00f16930 18d6f564 519ae99c
0x18d6f4a4:   519963b2 00f16930 047f3368 00000000
0x18d6f4b4:   18d6f4d8 18d6f564 19c89868 18d6f514
0x18d6f4c4:   00ee2fbc 18d6f4e4 5199bd27 18d6f4e4
0x18d6f4d4:   18d6f518 519ae890 571f5004 519b2c68
0x18d6f4e4:   1947bf00 0000000b 00000000 00000013 

Instructions: (pc=0x77cb5c40)
0x77cb5c20:   8b 0d 18 1a fb 77 85 c9 7e 05 8b 0c 01 eb 02 33
0x77cb5c30:   c9 8b 15 1c 1a fb 77 85 d2 7e 05 8b 04 02 eb 03
0x77cb5c40:   8b 46 08 85 c0 75 0f 33 c9 50 51 e8 30 69 15 00
0x77cb5c50:   83 c4 08 5e 5d c3 8d 4c 4e 0c 50 51 e8 1f 69 15 


Register to memory mapping:

EAX=
[error occurred during error reporting (printing register info), id 0xc0000005]

Stack: [0x18d20000,0x18d70000],  sp=0x18d6f474,  free space=317k
Native frames: (J=compiled Java code, j=interpreted, Vv=VM code, C=native code)
V  [jvm.dll+0x35c40]
V  [jvm.dll+0xc1206]


---------------  P R O C E S S  ---------------

Java Threads: ( => current thread )
  0x19bc1c00 JavaThread "Thread-3" daemon [_thread_in_native, id=6484, stack(0x1a2f0000,0x1a340000)]
  0x19bab000 JavaThread "Thread-2" daemon [_thread_in_native, id=6328, stack(0x1a280000,0x1a2d0000)]
  0x19b9d000 JavaThread "Thread-1" [_thread_in_native, id=8420, stack(0x19830000,0x19880000)]
  0x19417800 JavaThread "ReaderThread" [_thread_in_native, id=7024, stack(0x19970000,0x199c0000)]
  0x00f32800 JavaThread "Service Thread" daemon [_thread_blocked, id=5712, stack(0x190a0000,0x190f0000)]
  0x00f37800 JavaThread "C1 CompilerThread0" daemon [_thread_blocked, id=3912, stack(0x18eb0000,0x18f00000)]
  0x00f21c00 JavaThread "JDWP Command Reader" daemon [_thread_in_native, id=7408, stack(0x18f00000,0x18f50000)]
  0x00f20800 JavaThread "JDWP Event Helper Thread" daemon [_thread_blocked, id=9112, stack(0x18fa0000,0x18ff0000)]
=>0x00f16800 JavaThread "JDWP Transport Listener: dt_socket" daemon [_thread_in_vm, id=8716, stack(0x18d20000,0x18d70000)]
  0x00f0f000 JavaThread "Attach Listener" daemon [_thread_blocked, id=8356, stack(0x010c0000,0x01110000)]
  0x00f0c000 JavaThread "Signal Dispatcher" daemon [_thread_blocked, id=7156, stack(0x186f0000,0x18740000)]
  0x00eda800 JavaThread "Finalizer" daemon [_thread_blocked, id=7396, stack(0x00a50000,0x00aa0000)]
  0x00ed8000 JavaThread "Reference Handler" daemon [_thread_blocked, id=8440, stack(0x011b0000,0x01200000)]
  0x0098f800 JavaThread "main" [_thread_blocked, id=3964, stack(0x00c00000,0x00c50000)]

Other Threads:
  0x00ed5800 VMThread [stack: 0x00e00000,0x00e50000] [id=8560]
  0x00f4cc00 WatcherThread [stack: 0x19000000,0x19050000] [id=5420]

VM state:not at safepoint (normal execution)

VM Mutex/Monitor currently owned by a thread: None

Heap
 def new generation   total 4928K, used 1578K [0x046d0000, 0x04c20000, 0x09c20000)
  eden space 4416K,  27% used [0x046d0000, 0x047fa1e8, 0x04b20000)
  from space 512K,  75% used [0x04ba0000, 0x04c007a0, 0x04c20000)
  to   space 512K,   0% used [0x04b20000, 0x04b20000, 0x04ba0000)
 tenured generation   total 10944K, used 6654K [0x09c20000, 0x0a6d0000, 0x146d0000)
   the space 10944K,  60% used [0x09c20000, 0x0a29f988, 0x0a29fa00, 0x0a6d0000)
 compacting perm gen  total 12288K, used 11242K [0x146d0000, 0x152d0000, 0x186d0000)
   the space 12288K,  91% used [0x146d0000, 0x151ca948, 0x151caa00, 0x152d0000)
No shared spaces configured.

Card table byte_map: [0x00c50000,0x00d00000] byte_map_base: 0x00c2c980

Polling page: 0x000a0000

Code Cache  [0x026d0000, 0x02858000, 0x046d0000)
 total_blobs=818 nmethods=654 adapters=109 free_code_cache=31215Kb largest_free_block=31963968

Compilation events (10 events):
Event: 18.976 Thread 0x00f37800  655   !         sun.reflect.GeneratedConstructorAccessor13::newInstance (53 bytes)
Event: 18.977 Thread 0x00f37800 nmethod 655 0x02853008 code [0x028531d0, 0x02853610]
Event: 18.977 Thread 0x00f37800  656             org.apache.poi.hssf.record.BlankRecord::getSid (4 bytes)
Event: 18.977 Thread 0x00f37800 nmethod 656 0x02853c88 code [0x02853d80, 0x02853e00]
Event: 18.977 Thread 0x00f37800  657             java.lang.Integer::compareTo (9 bytes)
Event: 18.978 Thread 0x00f37800 nmethod 657 0x02853e48 code [0x02853f40, 0x02854010]
Event: 18.978 Thread 0x00f37800  658             java.lang.Integer::compareTo (12 bytes)
Event: 18.978 Thread 0x00f37800 nmethod 658 0x028540c8 code [0x028541c0, 0x02854270]
Event: 18.978 Thread 0x00f37800  659             java.lang.Integer::compare (20 bytes)
Event: 18.978 Thread 0x00f37800 nmethod 659 0x02854308 code [0x02854400, 0x02854490]

GC Heap History (10 events):
Event: 2.447 GC heap before
{Heap before GC invocations=10 (full 0):
 def new generation   total 4928K, used 4927K [0x046d0000, 0x04c20000, 0x09c20000)
  eden space 4416K, 100% used [0x046d0000, 0x04b20000, 0x04b20000)
  from space 512K,  99% used [0x04b20000, 0x04b9ff68, 0x04ba0000)
  to   space 512K,   0% used [0x04ba0000, 0x04ba0000, 0x04c20000)
 tenured generation   total 10944K, used 4856K [0x09c20000, 0x0a6d0000, 0x146d0000)
   the space 10944K,  44% used [0x09c20000, 0x0a0de018, 0x0a0de200, 0x0a6d0000)
 compacting perm gen  total 12288K, used 9130K [0x146d0000, 0x152d0000, 0x186d0000)
   the space 12288K,  74% used [0x146d0000, 0x14fba9b8, 0x14fbaa00, 0x152d0000)
No shared spaces configured.
Event: 2.450 GC heap after
Heap after GC invocations=11 (full 0):
 def new generation   total 4928K, used 511K [0x046d0000, 0x04c20000, 0x09c20000)
  eden space 4416K,   0% used [0x046d0000, 0x046d0000, 0x04b20000)
  from space 512K,  99% used [0x04ba0000, 0x04c1fff8, 0x04c20000)
  to   space 512K,   0% used [0x04b20000, 0x04b20000, 0x04ba0000)
 tenured generation   total 10944K, used 4982K [0x09c20000, 0x0a6d0000, 0x146d0000)
   the space 10944K,  45% used [0x09c20000, 0x0a0fd880, 0x0a0fda00, 0x0a6d0000)
 compacting perm gen  total 12288K, used 9130K [0x146d0000, 0x152d0000, 0x186d0000)
   the space 12288K,  74% used [0x146d0000, 0x14fba9b8, 0x14fbaa00, 0x152d0000)
No shared spaces configured.
}
Event: 18.669 GC heap before
{Heap before GC invocations=11 (full 0):
 def new generation   total 4928K, used 4927K [0x046d0000, 0x04c20000, 0x09c20000)
  eden space 4416K, 100% used [0x046d0000, 0x04b20000, 0x04b20000)
  from space 512K,  99% used [0x04ba0000, 0x04c1fff8, 0x04c20000)
  to   space 512K,   0% used [0x04b20000, 0x04b20000, 0x04ba0000)
 tenured generation   total 10944K, used 4982K [0x09c20000, 0x0a6d0000, 0x146d0000)
   the space 10944K,  45% used [0x09c20000, 0x0a0fd880, 0x0a0fda00, 0x0a6d0000)
 compacting perm gen  total 12288K, used 9623K [0x146d0000, 0x152d0000, 0x186d0000)
   the space 12288K,  78% used [0x146d0000, 0x15035f20, 0x15036000, 0x152d0000)
No shared spaces configured.
Event: 18.671 GC heap after
Heap after GC invocations=12 (full 0):
 def new generation   total 4928K, used 512K [0x046d0000, 0x04c20000, 0x09c20000)
  eden space 4416K,   0% used [0x046d0000, 0x046d0000, 0x04b20000)
  from space 512K, 100% used [0x04b20000, 0x04ba0000, 0x04ba0000)
  to   space 512K,   0% used [0x04ba0000, 0x04ba0000, 0x04c20000)
 tenured generation   total 10944K, used 5159K [0x09c20000, 0x0a6d0000, 0x146d0000)
   the space 10944K,  47% used [0x09c20000, 0x0a129c88, 0x0a129e00, 0x0a6d0000)
 compacting perm gen  total 12288K, used 9623K [0x146d0000, 0x152d0000, 0x186d0000)
   the space 12288K,  78% used [0x146d0000, 0x15035f20, 0x15036000, 0x152d0000)
No shared spaces configured.
}
Event: 18.755 GC heap before
{Heap before GC invocations=12 (full 0):
 def new generation   total 4928K, used 4928K [0x046d0000, 0x04c20000, 0x09c20000)
  eden space 4416K, 100% used [0x046d0000, 0x04b20000, 0x04b20000)
  from space 512K, 100% used [0x04b20000, 0x04ba0000, 0x04ba0000)
  to   space 512K,   0% used [0x04ba0000, 0x04ba0000, 0x04c20000)
 tenured generation   total 10944K, used 5159K [0x09c20000, 0x0a6d0000, 0x146d0000)
   the space 10944K,  47% used [0x09c20000, 0x0a129c88, 0x0a129e00, 0x0a6d0000)
 compacting perm gen  total 12288K, used 10318K [0x146d0000, 0x152d0000, 0x186d0000)
   the space 12288K,  83% used [0x146d0000, 0x150e3a38, 0x150e3c00, 0x152d0000)
No shared spaces configured.
Event: 18.757 GC heap after
Heap after GC invocations=13 (full 0):
 def new generation   total 4928K, used 511K [0x046d0000, 0x04c20000, 0x09c20000)
  eden space 4416K,   0% used [0x046d0000, 0x046d0000, 0x04b20000)
  from space 512K,  99% used [0x04ba0000, 0x04c1fff8, 0x04c20000)
  to   space 512K,   0% used [0x04b20000, 0x04b20000, 0x04ba0000)
 tenured generation   total 10944K, used 5619K [0x09c20000, 0x0a6d0000, 0x146d0000)
   the space 10944K,  51% used [0x09c20000, 0x0a19cdd8, 0x0a19ce00, 0x0a6d0000)
 compacting perm gen  total 12288K, used 10318K [0x146d0000, 0x152d0000, 0x186d0000)
   the space 12288K,  83% used [0x146d0000, 0x150e3a38, 0x150e3c00, 0x152d0000)
No shared spaces configured.
}
Event: 18.892 GC heap before
{Heap before GC invocations=13 (full 0):
 def new generation   total 4928K, used 4927K [0x046d0000, 0x04c20000, 0x09c20000)
  eden space 4416K, 100% used [0x046d0000, 0x04b20000, 0x04b20000)
  from space 512K,  99% used [0x04ba0000, 0x04c1fff8, 0x04c20000)
  to   space 512K,   0% used [0x04b20000, 0x04b20000, 0x04ba0000)
 tenured generation   total 10944K, used 5619K [0x09c20000, 0x0a6d0000, 0x146d0000)
   the space 10944K,  51% used [0x09c20000, 0x0a19cdd8, 0x0a19ce00, 0x0a6d0000)
 compacting perm gen  total 12288K, used 10998K [0x146d0000, 0x152d0000, 0x186d0000)
   the space 12288K,  89% used [0x146d0000, 0x1518d9e8, 0x1518da00, 0x152d0000)
No shared spaces configured.
Event: 18.895 GC heap after
Heap after GC invocations=14 (full 0):
 def new generation   total 4928K, used 512K [0x046d0000, 0x04c20000, 0x09c20000)
  eden space 4416K,   0% used [0x046d0000, 0x046d0000, 0x04b20000)
  from space 512K, 100% used [0x04b20000, 0x04ba0000, 0x04ba0000)
  to   space 512K,   0% used [0x04ba0000, 0x04ba0000, 0x04c20000)
 tenured generation   total 10944K, used 6278K [0x09c20000, 0x0a6d0000, 0x146d0000)
   the space 10944K,  57% used [0x09c20000, 0x0a241898, 0x0a241a00, 0x0a6d0000)
 compacting perm gen  total 12288K, used 10998K [0x146d0000, 0x152d0000, 0x186d0000)
   the space 12288K,  89% used [0x146d0000, 0x1518d9e8, 0x1518da00, 0x152d0000)
No shared spaces configured.
}
Event: 18.969 GC heap before
{Heap before GC invocations=14 (full 0):
 def new generation   total 4928K, used 4928K [0x046d0000, 0x04c20000, 0x09c20000)
  eden space 4416K, 100% used [0x046d0000, 0x04b20000, 0x04b20000)
  from space 512K, 100% used [0x04b20000, 0x04ba0000, 0x04ba0000)
  to   space 512K,   0% used [0x04ba0000, 0x04ba0000, 0x04c20000)
 tenured generation   total 10944K, used 6278K [0x09c20000, 0x0a6d0000, 0x146d0000)
   the space 10944K,  57% used [0x09c20000, 0x0a241898, 0x0a241a00, 0x0a6d0000)
 compacting perm gen  total 12288K, used 11240K [0x146d0000, 0x152d0000, 0x186d0000)
   the space 12288K,  91% used [0x146d0000, 0x151ca158, 0x151ca200, 0x152d0000)
No shared spaces configured.
Event: 18.971 GC heap after
Heap after GC invocations=15 (full 0):
 def new generation   total 4928K, used 385K [0x046d0000, 0x04c20000, 0x09c20000)
  eden space 4416K,   0% used [0x046d0000, 0x046d0000, 0x04b20000)
  from space 512K,  75% used [0x04ba0000, 0x04c007a0, 0x04c20000)
  to   space 512K,   0% used [0x04b20000, 0x04b20000, 0x04ba0000)
 tenured generation   total 10944K, used 6654K [0x09c20000, 0x0a6d0000, 0x146d0000)
   the space 10944K,  60% used [0x09c20000, 0x0a29f988, 0x0a29fa00, 0x0a6d0000)
 compacting perm gen  total 12288K, used 11240K [0x146d0000, 0x152d0000, 0x186d0000)
   the space 12288K,  91% used [0x146d0000, 0x151ca158, 0x151ca200, 0x152d0000)
No shared spaces configured.
}

Deoptimization events (0 events):
No events

Internal exceptions (10 events):
Event: 18.920 Thread 0x0098f800 Threw 0x047b4160 at C:\re\jdk7u51\527\hotspot\src\share\vm\prims\jvm.cpp:1244
Event: 18.921 Thread 0x0098f800 Threw 0x047bee50 at C:\re\jdk7u51\527\hotspot\src\share\vm\prims\jvm.cpp:1244
Event: 18.922 Thread 0x0098f800 Threw 0x047c2c68 at C:\re\jdk7u51\527\hotspot\src\share\vm\prims\jvm.cpp:1244
Event: 18.923 Thread 0x0098f800 Threw 0x047c83d0 at C:\re\jdk7u51\527\hotspot\src\share\vm\prims\jvm.cpp:1244
Event: 18.924 Thread 0x0098f800 Threw 0x047d3920 at C:\re\jdk7u51\527\hotspot\src\share\vm\prims\jvm.cpp:1244
Event: 18.924 Thread 0x0098f800 Threw 0x047d89b0 at C:\re\jdk7u51\527\hotspot\src\share\vm\prims\jvm.cpp:1244
Event: 18.925 Thread 0x0098f800 Threw 0x047dd430 at C:\re\jdk7u51\527\hotspot\src\share\vm\prims\jvm.cpp:1244
Event: 18.926 Thread 0x0098f800 Threw 0x047e2e60 at C:\re\jdk7u51\527\hotspot\src\share\vm\prims\jvm.cpp:1244
Event: 18.938 Thread 0x0098f800 Threw 0x04874380 at C:\re\jdk7u51\527\hotspot\src\share\vm\prims\jvm.cpp:1244
Event: 137.676 Thread 0x0098f800 Threw 0x047f10c8 at C:\re\jdk7u51\527\hotspot\src\share\vm\prims\jvm.cpp:1244

Events (10 events):
Event: 178.266 Executing VM operation: ChangeSingleStep
Event: 178.266 Executing VM operation: ChangeSingleStep done
Event: 178.283 Executing VM operation: GetOrSetLocal
Event: 178.283 Executing VM operation: GetOrSetLocal done
Event: 178.283 Executing VM operation: GetOrSetLocal
Event: 178.283 Executing VM operation: GetOrSetLocal done
Event: 178.436 Executing VM operation: GetOrSetLocal
Event: 178.436 Executing VM operation: GetOrSetLocal done
Event: 178.436 Executing VM operation: GetOrSetLocal
Event: 178.436 Executing VM operation: GetOrSetLocal done


Dynamic libraries:
0x012a0000 - 0x012cf000 	C:\Program Files (x86)\Java\jdk1.7.0_51\bin\javaw.exe
0x76ef0000 - 0x77070000 	C:\Windows\SysWOW64\ntdll.dll
0x74fd0000 - 0x750e0000 	C:\Windows\syswow64\kernel32.dll
0x76850000 - 0x76897000 	C:\Windows\syswow64\KERNELBASE.dll
0x768a0000 - 0x76941000 	C:\Windows\syswow64\ADVAPI32.dll
0x76950000 - 0x769fc000 	C:\Windows\syswow64\msvcrt.dll
0x76830000 - 0x76849000 	C:\Windows\SysWOW64\sechost.dll
0x76330000 - 0x76420000 	C:\Windows\syswow64\RPCRT4.dll
0x74850000 - 0x748b0000 	C:\Windows\syswow64\SspiCli.dll
0x74840000 - 0x7484c000 	C:\Windows\syswow64\CRYPTBASE.dll
0x76110000 - 0x76210000 	C:\Windows\syswow64\USER32.dll
0x74f40000 - 0x74fd0000 	C:\Windows\syswow64\GDI32.dll
0x74bd0000 - 0x74bda000 	C:\Windows\syswow64\LPK.dll
0x748b0000 - 0x7494d000 	C:\Windows\syswow64\USP10.dll
0x73a30000 - 0x73bce000 	C:\Windows\WinSxS\x86_microsoft.windows.common-controls_6595b64144ccf1df_6.0.7601.17514_none_41e6975e2bd6f2b2\COMCTL32.dll
0x750e0000 - 0x75137000 	C:\Windows\syswow64\SHLWAPI.dll
0x74e30000 - 0x74e90000 	C:\Windows\system32\IMM32.DLL
0x76210000 - 0x762dd000 	C:\Windows\syswow64\MSCTF.dll
0x519c0000 - 0x51a7f000 	C:\Program Files (x86)\Java\jdk1.7.0_51\jre\bin\msvcr100.dll
0x77c80000 - 0x78000000 	C:\Program Files (x86)\Java\jdk1.7.0_51\jre\bin\client\jvm.dll
0x73e30000 - 0x73e37000 	C:\Windows\system32\WSOCK32.dll
0x762e0000 - 0x76315000 	C:\Windows\syswow64\WS2_32.dll
0x74e20000 - 0x74e26000 	C:\Windows\syswow64\NSI.dll
0x73df0000 - 0x73e22000 	C:\Windows\system32\WINMM.dll
0x76610000 - 0x76615000 	C:\Windows\syswow64\PSAPI.DLL
0x74530000 - 0x7453c000 	C:\Program Files (x86)\Java\jdk1.7.0_51\jre\bin\verify.dll
0x52080000 - 0x520a0000 	C:\Program Files (x86)\Java\jdk1.7.0_51\jre\bin\java.dll
0x51990000 - 0x519ba000 	C:\Program Files (x86)\Java\jdk1.7.0_51\jre\bin\jdwp.dll
0x573b0000 - 0x573b7000 	C:\Program Files (x86)\Java\jdk1.7.0_51\jre\bin\npt.dll
0x51cb0000 - 0x51cc3000 	C:\Program Files (x86)\Java\jdk1.7.0_51\jre\bin\zip.dll
0x571f0000 - 0x571f8000 	C:\Program Files (x86)\Java\jdk1.7.0_51\jre\bin\dt_socket.dll
0x72f60000 - 0x72f70000 	C:\Windows\system32\NLAapi.dll
0x72f50000 - 0x72f60000 	C:\Windows\system32\napinsp.dll
0x72f30000 - 0x72f42000 	C:\Windows\system32\pnrpnsp.dll
0x73f80000 - 0x73fbc000 	C:\Windows\System32\mswsock.dll
0x73f10000 - 0x73f54000 	C:\Windows\system32\DNSAPI.dll
0x72f20000 - 0x72f28000 	C:\Windows\System32\winrnr.dll
0x72f10000 - 0x72f1d000 	C:\Windows\system32\wshbth.dll
0x73ee0000 - 0x73f07000 	C:\Program Files (x86)\Common Files\Microsoft Shared\Windows Live\WLIDNSP.DLL
0x73ec0000 - 0x73edc000 	C:\Windows\system32\IPHLPAPI.DLL
0x73eb0000 - 0x73eb7000 	C:\Windows\system32\WINNSI.DLL
0x73e60000 - 0x73e98000 	C:\Windows\System32\fwpuclnt.dll
0x73ea0000 - 0x73ea6000 	C:\Windows\system32\rasadhlp.dll
0x73f70000 - 0x73f75000 	C:\Windows\System32\wshtcpip.dll
0x51970000 - 0x51984000 	C:\Program Files (x86)\Java\jdk1.7.0_51\jre\bin\net.dll
0x73f60000 - 0x73f66000 	C:\Windows\System32\wship6.dll
0x74140000 - 0x74157000 	C:\Windows\system32\CRYPTSP.dll
0x74100000 - 0x7413b000 	C:\Windows\system32\rsaenh.dll
0x74e90000 - 0x74ea7000 	C:\Windows\syswow64\USERENV.dll
0x76600000 - 0x7660b000 	C:\Windows\syswow64\profapi.dll
0x51b00000 - 0x51b0f000 	C:\Program Files (x86)\Java\jdk1.7.0_51\jre\bin\nio.dll
0x51950000 - 0x51970000 	C:\Program Files (x86)\Java\jdk1.7.0_51\jre\bin\sunec.dll
0x51940000 - 0x51949000 	C:\Program Files (x86)\Java\jdk1.7.0_51\jre\bin\sunmscapi.dll
0x764c0000 - 0x765e1000 	C:\Windows\syswow64\CRYPT32.dll
0x76820000 - 0x7682c000 	C:\Windows\syswow64\MSASN1.dll
0x73180000 - 0x731cc000 	C:\Windows\system32\apphelp.dll
0x6dcb0000 - 0x6dd9b000 	C:\Windows\system32\dbghelp.dll

VM Arguments:
jvm_args: -agentlib:jdwp=transport=dt_socket,suspend=y,address=localhost:52356 -ea -DprjName=Wrkday_Demo1 -DtestEnvironment={Wrkday_EmployeeDetailsChange_Militarystatus=Windows 7||Internet Explorer} -DinstanceName=stage -DsauceUser=Local -DmoduleName=Cycle1 -DtestSetName=Cycle1 -Dfile.encoding=Cp1252 
java_command: org.testng.remote.RemoteTestNG -serport 52355 -protocol json -d D:\Workday1\Wrkday_Demo1\test-output C:\Users\sbehera\AppData\Local\Temp\testng-eclipse--1760509622\testng-customsuite.xml
Launcher Type: SUN_STANDARD

Environment Variables:
JAVA_HOME=C:\Program Files (x86)\Java\jdk1.7.0_51
PATH=C:\Program Files (x86)\Java\jdk1.7.0_51\jre\bin;C:/Program Files (x86)/Java/jre7/bin/client;C:/Program Files (x86)/Java/jre7/bin;C:/Program Files (x86)/Java/jre7/lib/i386;C:\Program Files (x86)\Intel\iCLS Client\;C:\Program Files\Intel\iCLS Client\;C:\Windows\system32;C:\Windows;C:\Windows\System32\Wbem;C:\Windows\System32\WindowsPowerShell\v1.0\;C:\Program Files (x86)\Intel\OpenCL SDK\2.0\bin\x86;C:\Program Files (x86)\Intel\OpenCL SDK\2.0\bin\x64;C:\Program Files\Intel\Intel(R) Management Engine Components\DAL;C:\Program Files\Intel\Intel(R) Management Engine Components\IPT;C:\Program Files (x86)\Intel\Intel(R) Management Engine Components\DAL;C:\Program Files (x86)\Intel\Intel(R) Management Engine Components\IPT;C:\SWTOOLS\ReadyApps;C:\Program Files (x86)\Common Files\Lenovo;D:\Maven\apache-maven-3.5.0-bin\apache-maven-3.5.0/bin;C:\Program Files (x86)\Java\jdk1.7.0_51/bin;C:\Program Files (x86)\Java\jdk1.7.0_51\bin;D:\New folder (2)\apache-maven-3.5.0\bin;D:\eclipse-standard-kepler-SR2-win32\eclipse;
USERNAME=SBehera
OS=Windows_NT
PROCESSOR_IDENTIFIER=Intel64 Family 6 Model 58 Stepping 9, GenuineIntel



---------------  S Y S T E M  ---------------

OS: Windows 7 , 64 bit Build 7601 Service Pack 1

CPU:total 4 (2 cores per cpu, 2 threads per core) family 6 model 58 stepping 9, cmov, cx8, fxsr, mmx, sse, sse2, sse3, ssse3, sse4.1, sse4.2, popcnt, avx, erms, ht, tsc, tscinvbit, tscinv

Memory: 4k page, physical 4011812k(1360340k free), swap 8021764k(4059332k free)

vm_info: Java HotSpot(TM) Client VM (24.51-b03) for windows-x86 JRE (1.7.0_51-b13), built on Dec 18 2013 19:09:58 by "java_re" with unknown MS VC++:1600

time: Fri Dec 01 17:03:20 2017
elapsed time: 178 seconds

